Tried aggregator 2 times.
MIP Presolve eliminated 8 rows and 8 columns.
Aggregator did 4 substitutions.
Reduced MIP has 105109 rows, 140148 columns, and 350364 nonzeros.
Reduced MIP has 35036 binaries, 0 generals, 0 SOSs, and 0 indicators.
Presolve time = 0.32 sec. (224.71 ticks)
Found incumbent of value 2379.919575 after 0.83 sec. (679.23 ticks)
Probing time = 0.17 sec. (6.64 ticks)
Tried aggregator 1 time.
Reduced MIP has 105109 rows, 140148 columns, and 350364 nonzeros.
Reduced MIP has 35036 binaries, 0 generals, 0 SOSs, and 0 indicators.
Presolve time = 0.48 sec. (189.93 ticks)
Probing time = 0.05 sec. (6.24 ticks)
MIP emphasis: balance optimality and feasibility.
MIP search method: dynamic search.
Parallel mode: deterministic, using up to 20 threads.
Root relaxation solution time = 1.47 sec. (1052.18 ticks)

        Nodes                                         Cuts/
   Node  Left     Objective  IInf  Best Integer    Best Bound    ItCnt     Gap

*     0+    0                         2379.9196   1.51952e+07              --- 
*     0+    0                        86181.2447   1.51952e+07              --- 
      0     0  4306969.3559  1625    86181.2447  4306969.3559    14082     --- 
*     0+    0                      4108137.0532  4306969.3559             4.84%
      0     0  4280713.2774   890  4108137.0532    Cuts: 3722    15570    4.20%
*     0+    0                      4110731.5780  4280713.2774             4.14%
      0     0  4277029.5247   760  4110731.5780    Cuts: 3068    16807    4.05%
      0     0  4262453.2163   614  4110731.5780    Cuts: 2630    17800    3.69%
      0     0  4259255.2022   584  4110731.5780    Cuts: 1712    18402    3.61%
      0     0  4256627.6975   674  4110731.5780    Cuts: 1376    18983    3.55%
*     0+    0                      4142495.2657  4256627.6975             2.76%
      0     0  4253722.6773   702  4142495.2657    Cuts: 1130    19501    2.69%
      0     0  4250917.4452   702  4142495.2657     Cuts: 804    19962    2.62%
      0     0  4248689.0967   684  4142495.2657     Cuts: 594    20312    2.56%
      0     0  4247014.1887   713  4142495.2657  MIRcuts: 408    20588    2.52%
      0     0  4244930.6147   661  4142495.2657     Cuts: 335    20836    2.47%
      0     0  4244196.8432   656  4142495.2657     Cuts: 312    20993    2.46%
      0     0  4243244.4673   646  4142495.2657  MIRcuts: 166    21129    2.43%
      0     0  4242939.3762   626  4142495.2657     Cuts: 120    21229    2.42%
*     0+    0                      4146766.5734  4242939.3762             2.32%
      0     0  4242720.5774   618  4146766.5734   MIRcuts: 84    21285    2.31%
      0     0  4242639.8939   612  4146766.5734   MIRcuts: 50    21317    2.31%
*     0+    0                      4198978.2749  4242639.8939             1.04%
*     0+    0                      4219547.8616  4242639.8939             0.55%
      0     2  4242639.8939   612  4219547.8616  4242639.8939    21317    0.55%
Elapsed time = 16.40 sec. (12517.89 ticks, tree = 0.01 MB, solutions = 8)
      4     6  4242629.7916   611  4219547.8616  4242638.7085    21331    0.55%
      5     7  4242621.6870   608  4219547.8616  4242638.7085    21333    0.55%
      7     9  4242606.0275   609  4219547.8616  4242638.7085    21338    0.55%
      8    10  4242597.9229   606  4219547.8616  4242638.7085    21341    0.55%
      9    11  4242605.2007   606  4219547.8616  4242638.7085    21344    0.55%
     10    12  4242606.1855   614  4219547.8616  4242634.5768    21352    0.55%
     11    13  4242574.3168   609  4219547.8616  4242634.5768    21360    0.55%
     12    14  4242580.7679   606  4219547.8616  4242634.5768    21367    0.55%
     13    15  4242598.0809   611  4219547.8616  4242634.5768    21375    0.55%
     29    31  4242416.9789   604  4219547.8616  4242626.4722    21467    0.55%
Elapsed time = 17.93 sec. (13487.20 ticks, tree = 0.01 MB, solutions = 8)
    305   307  4242390.7726   597  4219547.8616  4242626.4722    22150    0.55%
    306   308  4242369.9775   598  4219547.8616  4242626.4722    22152    0.55%
    309   311  4242353.7684   592  4219547.8616  4242626.4722    22158    0.55%
    312   314  4242315.1887   590  4219547.8616  4242626.4722    22166    0.55%
    324   326  4242026.3580   594  4219547.8616  4242626.4722    22202    0.55%
    325   327  4242404.5722   595  4219547.8616  4242626.4722    22205    0.55%
    326   328  4242008.0259   596  4219547.8616  4242626.4722    22208    0.55%
    327   329  4242383.7772   596  4219547.8616  4242626.4722    22211    0.55%
    328   330  4242367.5680   590  4219547.8616  4242626.4722    22214    0.55%
    370   372  4242234.6017   595  4219547.8616  4242626.4722    22351    0.55%
Elapsed time = 20.68 sec. (14476.71 ticks, tree = 0.01 MB, solutions = 8)
*   543+  543                      4219663.7930  4242626.4722             0.54%
    663   665  4241982.2155   588  4219663.7930  4242626.4722    22974    0.54%
    664   666  4241970.3585   587  4219663.7930  4242626.4722    22978    0.54%
    665   667  4242140.0164   582  4219663.7930  4242626.4722    22979    0.54%
    666   668  4242107.0217   587  4219663.7930  4242626.4722    22980    0.54%
    667   669  4241837.0084   580  4219663.7930  4242626.4722    22983    0.54%
    668   670  4241818.6762   582  4219663.7930  4242626.4722    22986    0.54%
    669   671  4242006.7957   576  4219663.7930  4242626.4722    22987    0.54%
    670   672  4241988.4635   578  4219663.7930  4242626.4722    22988    0.54%
    671   673  4242068.7562   580  4219663.7930  4242626.4722    22990    0.54%
    672   674  4241989.5041   590  4219663.7930  4242626.4722    22991    0.54%
Elapsed time = 22.65 sec. (15463.44 ticks, tree = 0.01 MB, solutions = 9)
   1106  1108  4241553.7594   572  4219663.7930  4242626.4722    24032    0.54%
   1107  1109  4241535.4272   574  4219663.7930  4242626.4722    24036    0.54%
   1118  1120  4241941.2733   567  4219663.7930  4242626.4722    24070    0.54%
   1120  1122  4241951.9602   569  4219663.7930  4242626.4722    24074    0.54%
   1126  1128  4241526.5530   572  4219663.7930  4242626.4722    24086    0.54%
   1127  1129  4241508.2208   574  4219663.7930  4242626.4722    24088    0.54%
   1128  1130  4241701.9419   569  4219663.7930  4242626.4722    24090    0.54%
   1129  1131  4241683.6098   571  4219663.7930  4242626.4722    24092    0.54%
   1138  1140  4241849.4116   567  4219663.7930  4242626.4722    24112    0.54%
   1140  1142  4241860.0986   569  4219663.7930  4242626.4722    24116    0.54%
Elapsed time = 25.65 sec. (16501.44 ticks, tree = 9.86 MB, solutions = 9)
   1459  1461  4241213.4986   572  4219663.7930  4242626.4722    25399    0.54%
   1460  1462  4241205.3940   569  4219663.7930  4242626.4722    25405    0.54%
   1461  1463  4241197.2894   566  4219663.7930  4242626.4722    25411    0.54%
   1479  1481  4241209.2536   572  4219663.7930  4242626.4722    25485    0.54%
   1480  1482  4241201.1490   569  4219663.7930  4242626.4722    25489    0.54%
   1481  1483  4241193.0445   566  4219663.7930  4242626.4722    25493    0.54%
   1496  1498  4241074.8690   564  4219663.7930  4242626.4722    25551    0.54%
   1497  1499  4241056.5369   566  4219663.7930  4242626.4722    25555    0.54%
   1499  1501  4241033.5288   571  4219663.7930  4242626.4722    25565    0.54%
   1500  1502  4241025.4242   568  4219663.7930  4242626.4722    25570    0.54%
Elapsed time = 28.85 sec. (17682.78 ticks, tree = 21.10 MB, solutions = 9)
   1951  1953  4240302.7102   547  4219663.7930  4242626.4722    27067    0.54%
   1971  1973  4240468.1081   547  4219663.7930  4242626.4722    27130    0.54%
   1976  1978  4240213.1699   542  4219663.7930  4242626.4722    27157    0.54%
   1977  1979  4240338.8976   548  4219663.7930  4242626.4722    27166    0.54%
   1978  1980  4240330.7930   545  4219663.7930  4242626.4722    27175    0.54%
   1979  1981  4240322.6884   542  4219663.7930  4242626.4722    27184    0.54%
   1991  1993  4240375.3959   544  4219663.7930  4242626.4722    27223    0.54%
   1996  1998  4240047.7720   542  4219663.7930  4242626.4722    27236    0.54%
   1997  1999  4240286.6955   547  4219663.7930  4242626.4722    27239    0.54%
   1998  2000  4240278.5909   544  4219663.7930  4242626.4722    27242    0.54%
Elapsed time = 32.28 sec. (18917.47 ticks, tree = 35.90 MB, solutions = 9)
   2947  2949  4239085.9071   493  4219663.7930  4242626.4722    29575    0.54%
   2948  2950  4238860.1591   481  4219663.7930  4242626.4722    29577    0.54%
   2949  2951  4238756.5831   500  4219663.7930  4242626.4722    29579    0.54%
   2951  2953  4238745.9309   500  4219663.7930  4242626.4722    29588    0.54%
   2953  2955  4238633.4398   480  4219663.7930  4242626.4722    29592    0.54%
   2954  2956  4238802.7147   499  4219663.7930  4242626.4722    29594    0.54%
   2955  2957  4238863.3928   481  4219663.7930  4242626.4722    29602    0.54%
   2957  2959  4238069.2264   473  4219663.7930  4242626.4722    29608    0.54%
   2961  2963  4239077.5774   500  4219663.7930  4242626.4722    29625    0.54%
   2966  2968  4237424.1481   448  4219663.7930  4242626.4722    29642    0.54%
Elapsed time = 35.35 sec. (19878.51 ticks, tree = 59.85 MB, solutions = 9)
   3566  3568  4235645.9722   442  4219663.7930  4242626.4722    31197    0.54%
   3573  3575  4237165.3626   459  4219663.7930  4242626.4722    31213    0.54%
   3575  3577  4237658.4355   459  4219663.7930  4242626.4722    31217    0.54%
   3585  3587  4235745.8952   442  4219663.7930  4242626.4722    31242    0.54%
   3586  3588  4235819.3634   442  4219663.7930  4242626.4722    31244    0.54%
   3589  3591  4237258.3981   470  4219663.7930  4242626.4722    31253    0.54%
   3593  3595  4237064.8338   459  4219663.7930  4242626.4722    31257    0.54%
   3595  3597  4237338.8718   458  4219663.7930  4242626.4722    31261    0.54%
   3597  3599  4236405.9052   451  4219663.7930  4242626.4722    31268    0.54%
   3605  3607  4235919.2864   442  4219663.7930  4242626.4722    31287    0.54%
Elapsed time = 38.44 sec. (20912.66 ticks, tree = 59.85 MB, solutions = 9)
   3953  3955  4234946.4279   436  4219663.7930  4242626.4722    32183    0.54%
   3973  3975  4235128.1171   437  4219663.7930  4242626.4722    32252    0.54%
   3993  3995  4234702.4474   436  4219663.7930  4242626.4722    32343    0.54%
   4013  4015  4235103.0263   438  4219663.7930  4242626.4722    32416    0.54%
   4023  4025  4237251.0150   470  4219663.7930  4242626.4722    32453    0.54%
   4029  4031  4237080.6275   463  4219663.7930  4242626.4722    32476    0.54%
   4030  4032  4237072.5229   460  4219663.7930  4242626.4722    32477    0.54%
   4031  4033  4237064.4183   457  4219663.7930  4242626.4722    32478    0.54%
   4033  4035  4235107.1094   436  4219663.7930  4242626.4722    32490    0.54%
   4043  4045  4237231.0056   470  4219663.7930  4242626.4722    32522    0.54%
Elapsed time = 41.69 sec. (22053.72 ticks, tree = 90.56 MB, solutions = 9)
   4349  4351  4236444.7227   447  4219663.7930  4242626.4722    33355    0.54%
   4369  4371  4236126.4234   446  4219663.7930  4242626.4722    33415    0.54%
   4389  4391  4236268.7538   446  4219663.7930  4242626.4722    33471    0.54%
   4409  4411  4236246.8433   443  4219663.7930  4242626.4722    33540    0.54%
   4429  4431  4236166.1943   442  4219663.7930  4242626.4722    33598    0.54%
   4449  4451  4236144.2838   439  4219663.7930  4242626.4722    33664    0.54%
   4469  4471  4236063.6348   438  4219663.7930  4242626.4722    33715    0.54%
   4489  4491  4236050.2751   437  4219663.7930  4242626.4722    33776    0.54%
   4509  4511  4236036.9154   436  4219663.7930  4242626.4722    33827    0.54%
*  5246+ 5246                      4219687.1644  4242626.4722             0.54%
*  5341+ 5341                      4219927.1318  4242626.4722             0.54%
*  5423+ 5423                      4220875.3102  4242626.4722             0.52%
   5856  5858  4231367.2637   371  4220875.3102  4242626.4722    36980    0.52%
Elapsed time = 52.16 sec. (25873.99 ticks, tree = 120.34 MB, solutions = 9)
*  6317+ 6317                      4221358.0440  4242626.4722             0.50%
*  6317+ 6317                      4222039.8586  4242626.4722             0.49%
*  6317+ 6317                      4222388.5375  4242626.4722             0.48%
*  6317+ 6317                      4222869.0868  4242626.4722             0.47%
*  6317+ 6317                      4223044.6772  4242626.4722             0.46%
*  6317+ 6317                      4223258.0135  4242626.4722             0.46%
*  6317+ 6317                      4223362.0453  4242626.4722             0.46%
   6317  6319  4230460.9659   344  4223362.0453  4242626.4722    38304    0.46%
*  6318+ 6318                      4223797.5499  4242626.4722             0.45%
*  6318+ 6318                      4223930.3865  4242626.4722             0.44%
*  6318+ 6318                      4224014.0131  4242626.4722             0.44%
*  6318+ 6318                      4224140.9694  4242626.4722             0.44%
   6318  6320  4230786.7158   357  4224140.9694  4242626.4722    38305    0.44%
   6319  6321  4230525.1983   346  4224140.9694  4242626.4722    38306    0.44%
*  6320+ 6320                      4224282.7303  4242626.4722             0.43%
   6320  6322  4231041.4155   354  4224282.7303  4242626.4722    38310    0.43%
   6321  6323  4228593.6329   326  4224282.7303  4242626.4722    38314    0.43%
   6322  6324  4228279.6754   322  4224282.7303  4242626.4722    38315    0.43%
   6323  6325  4230592.3702   341  4224282.7303  4242626.4722    38319    0.43%
   6324  6326  4230057.0703   339  4224282.7303  4242626.4722    38326    0.43%
   6325  6327  4230602.5052   357  4224282.7303  4242626.4722    38338    0.43%
   6326  6328  4232027.0681   366  4224282.7303  4242626.4722    38350    0.43%
Elapsed time = 83.95 sec. (40936.24 ticks, tree = 295.72 MB, solutions = 13)
   6328  6330  4230969.4274   349  4224282.7303  4242626.4722    38354    0.43%
   6329  6331  4229600.2021   345  4224282.7303  4242626.4722    38355    0.43%
   6336  6338  4230433.6090   345  4224282.7303  4242626.4722    38385    0.43%
*  6337+ 4225                      4224554.7690  4232056.5211             0.18%
*  6337+ 2816                      4225533.8739  4229331.9755             0.09%
*  6337+ 1877                      4227073.4699  4229039.0005             0.05%
*  6337+ 1250                      4227562.0700  4229039.0005             0.03%
*  6337+  833                      4227579.8862  4229039.0005             0.03%
*  6337+  554                      4227660.0931  4228400.9700             0.02%
*  6337+  369                      4227682.2550  4228400.9700             0.02%
*  6337+  245                      4227697.8850  4228213.5487             0.01%
   6337   246  4228185.4439   125  4227697.8850  4228185.4439    96760    0.01%
   6338   246  4228175.9294   124  4227697.8850  4228185.4439    96762    0.01%
   6339   247  4228100.4588   124  4227697.8850  4228185.4439    96763    0.01%
   6340   248  4228146.1234   123  4227697.8850  4228168.8849    96765    0.01%
   6341   249  4228136.6089   122  4227697.8850  4228168.8849    96767    0.01%
   6342   250  4228168.8849   122  4227697.8850  4228168.8849    96768    0.01%
   6343   251  4228159.3704   121  4227697.8850  4228168.8849    96770    0.01%
Elapsed time = 131.49 sec. (78174.58 ticks, tree = 11.60 MB, solutions = 156)
   6360   260  4228042.4654   106  4227697.8850  4228152.3259    96847    0.01%
   6361   261  4228030.2496   103  4227697.8850  4228152.3259    96852    0.01%
